2026-04-01 10:29:41 [INFO   ] daily_sync: ============================================================
2026-04-01 10:29:41 [INFO   ] daily_sync:   KAWII DAILY SYNC - Incremental 6 dias
2026-04-01 10:29:41 [INFO   ] daily_sync:   Desde: 2026-03-26 (unix: 1774483200)
2026-04-01 10:29:41 [INFO   ] daily_sync:   Inicio: 2026-04-01 10:29:41
2026-04-01 10:29:41 [INFO   ] daily_sync: ============================================================
2026-04-01 10:29:41 [INFO   ] harvester.db: Pool de conexiones inicializado (localhost:5432/kawii_data)
2026-04-01 10:29:41 [INFO   ] daily_sync: >>> FASE 1: Masters
2026-04-01 10:29:41 [INFO   ] harvester.db: Sync iniciada: offices (log_id=21)
2026-04-01 10:29:43 [INFO   ] harvester.bsale_client: Paginando /offices.json: 4 registros esperados
2026-04-01 10:29:43 [INFO   ] harvester.bsale_client: Paginacion /offices.json completada: 4/4 items obtenidos
2026-04-01 10:29:43 [INFO   ] harvester.db: Sync finalizada (log_id=21): SUCCESS | fetched=4 inserted=4 updated=0 skipped=0
2026-04-01 10:29:43 [INFO   ] daily_sync:   Sucursales: 1.8s | {'fetched': 4, 'inserted': 4, 'skipped': 0}
2026-04-01 10:29:43 [INFO   ] harvester.db: Sync iniciada: product_types (log_id=22)
2026-04-01 10:29:44 [INFO   ] harvester.bsale_client: Paginando /product_types.json: 246 registros esperados
2026-04-01 10:29:47 [INFO   ] harvester.bsale_client: Paginacion /product_types.json completada: 246/246 items obtenidos
2026-04-01 10:29:47 [INFO   ] harvester.db: Sync finalizada (log_id=22): SUCCESS | fetched=246 inserted=246 updated=0 skipped=0
2026-04-01 10:29:47 [INFO   ] daily_sync:   Categorias: 3.7s | {'fetched': 246, 'inserted': 246, 'skipped': 0}
2026-04-01 10:29:47 [INFO   ] harvester.db: Sync iniciada: document_types (log_id=23)
2026-04-01 10:29:48 [INFO   ] harvester.bsale_client: Paginando /document_types.json: 11 registros esperados
2026-04-01 10:29:48 [INFO   ] harvester.bsale_client: Paginacion /document_types.json completada: 11/11 items obtenidos
2026-04-01 10:29:48 [INFO   ] harvester.db: Sync finalizada (log_id=23): SUCCESS | fetched=11 inserted=11 updated=0 skipped=0
2026-04-01 10:29:48 [INFO   ] daily_sync:   Tipos Doc: 0.8s | {'fetched': 11, 'inserted': 11, 'skipped': 0}
2026-04-01 10:29:48 [INFO   ] harvester.db: Sync iniciada: variants (log_id=24)
2026-04-01 10:29:49 [INFO   ] harvester.bsale_client: Paginando /variants.json: 3382 registros esperados
2026-04-01 10:30:52 [INFO   ] harvester.bsale_client: Paginacion /variants.json completada: 3382/3382 items obtenidos
2026-04-01 10:30:52 [INFO   ] harvester.sync_masters: Products upserted: 3099
2026-04-01 10:30:52 [INFO   ] harvester.db: Sync finalizada (log_id=24): SUCCESS | fetched=3382 inserted=3382 updated=0 skipped=0
2026-04-01 10:30:52 [INFO   ] daily_sync:   Variantes: 64.6s | {'fetched': 3382, 'inserted': 3382, 'skipped': 0}
2026-04-01 10:30:52 [INFO   ] daily_sync: >>> FASE 2: Stock y Costos
2026-04-01 10:30:52 [INFO   ] harvester.db: Sync iniciada: stock_levels (log_id=25)
2026-04-01 10:30:53 [INFO   ] harvester.bsale_client: Paginando /stocks.json: 3376 registros esperados
2026-04-01 10:31:57 [INFO   ] harvester.bsale_client: Paginacion /stocks.json completada: 3376/3376 items obtenidos
2026-04-01 10:31:57 [INFO   ] harvester.sync_masters: Stock office 4: 3376 registros
2026-04-01 10:31:58 [INFO   ] harvester.bsale_client: Paginando /stocks.json: 3376 registros esperados
2026-04-01 10:33:05 [INFO   ] harvester.bsale_client: Paginacion /stocks.json completada: 3376/3376 items obtenidos
2026-04-01 10:33:05 [INFO   ] harvester.sync_masters: Stock office 3: 3376 registros
2026-04-01 10:33:06 [INFO   ] harvester.bsale_client: Paginando /stocks.json: 3376 registros esperados
2026-04-01 10:34:10 [INFO   ] harvester.bsale_client: Paginacion /stocks.json completada: 3376/3376 items obtenidos
2026-04-01 10:34:10 [INFO   ] harvester.sync_masters: Stock office 1: 3376 registros
2026-04-01 10:34:10 [INFO   ] harvester.db: Sync finalizada (log_id=25): SUCCESS | fetched=10128 inserted=10128 updated=0 skipped=0
2026-04-01 10:34:10 [INFO   ] daily_sync:   Stock: 197.9s
2026-04-01 10:34:10 [INFO   ] harvester.db: Sync iniciada: variant_costs (log_id=26)
2026-04-01 10:34:10 [INFO   ] harvester.sync_masters: Sincronizando costos para 3382 variantes...
2026-04-01 10:34:46 [INFO   ] harvester.sync_masters: Costos: 200/3382 procesados
2026-04-01 10:35:20 [INFO   ] harvester.sync_masters: Costos: 400/3382 procesados
2026-04-01 10:35:50 [INFO   ] harvester.sync_masters: Costos: 600/3382 procesados
2026-04-01 10:36:21 [INFO   ] harvester.sync_masters: Costos: 800/3382 procesados
2026-04-01 10:36:52 [INFO   ] harvester.sync_masters: Costos: 1000/3382 procesados
2026-04-01 10:37:29 [INFO   ] harvester.sync_masters: Costos: 1200/3382 procesados
2026-04-01 10:38:04 [INFO   ] harvester.sync_masters: Costos: 1400/3382 procesados
2026-04-01 10:38:42 [INFO   ] harvester.sync_masters: Costos: 1600/3382 procesados
2026-04-01 10:39:21 [ERROR  ] harvester.bsale_client: Error de red en https://api.bsale.io/v1/variants/1748/costs.json: ('Connection aborted.', ConnectionResetError(10054, 'Se ha forzado la interrupción de una conexión existente por el host remoto', None, 10054, None))
2026-04-01 10:39:21 [ERROR  ] harvester.bsale_client: Error de red en https://api.bsale.io/v1/variants/1747/costs.json: ('Connection aborted.', ConnectionResetError(10054, 'Se ha forzado la interrupción de una conexión existente por el host remoto', None, 10054, None))
2026-04-01 10:39:24 [ERROR  ] harvester.bsale_client: Error de red en https://api.bsale.io/v1/variants/1749/costs.json: ('Connection aborted.', ConnectionResetError(10054, 'Se ha forzado la interrupción de una conexión existente por el host remoto', None, 10054, None))
2026-04-01 10:39:30 [INFO   ] harvester.sync_masters: Costos: 1800/3382 procesados
2026-04-01 10:40:05 [INFO   ] harvester.sync_masters: Costos: 2000/3382 procesados
2026-04-01 10:40:39 [INFO   ] harvester.sync_masters: Costos: 2200/3382 procesados
2026-04-01 10:41:59 [INFO   ] harvester.sync_masters: Costos: 2400/3382 procesados
2026-04-01 10:42:59 [INFO   ] harvester.sync_masters: Costos: 2600/3382 procesados
2026-04-01 10:43:35 [INFO   ] harvester.sync_masters: Costos: 2800/3382 procesados
2026-04-01 10:44:53 [INFO   ] harvester.sync_masters: Costos: 3000/3382 procesados
2026-04-01 10:45:57 [INFO   ] harvester.sync_masters: Costos: 3200/3382 procesados
2026-04-01 10:46:29 [WARNING] harvester.sync_masters: 2819 variantes sin costo registrado (effective_cost=0)
2026-04-01 10:46:29 [INFO   ] harvester.db: Sync finalizada (log_id=26): SUCCESS | fetched=3382 inserted=3382 updated=0 skipped=0
2026-04-01 10:46:29 [INFO   ] daily_sync:   Costos: 738.4s
2026-04-01 10:46:29 [INFO   ] daily_sync: >>> FASE 3: Recepciones
2026-04-01 10:46:29 [INFO   ] harvester.db: Sync iniciada: receptions (log_id=27)
2026-04-01 10:46:30 [INFO   ] harvester.bsale_client: Paginando /stocks/receptions.json: 557 registros esperados
2026-04-01 10:46:41 [INFO   ] harvester.bsale_client: Paginacion /stocks/receptions.json completada: 557/557 items obtenidos
2026-04-01 10:46:41 [INFO   ] harvester.sync_transactions: Recepciones office 4: 557 registros
2026-04-01 10:46:42 [INFO   ] harvester.bsale_client: Paginando /stocks/receptions.json: 2359 registros esperados
2026-04-01 10:47:33 [INFO   ] harvester.bsale_client: Paginacion /stocks/receptions.json completada: 2359/2359 items obtenidos
2026-04-01 10:47:33 [INFO   ] harvester.sync_transactions: Recepciones office 3: 2359 registros
2026-04-01 10:48:25 [INFO   ] harvester.bsale_client: Paginando /stocks/receptions.json: 5457 registros esperados
2026-04-01 10:50:24 [INFO   ] harvester.bsale_client: Paginacion /stocks/receptions.json completada: 5457/5457 items obtenidos
2026-04-01 10:50:25 [INFO   ] harvester.sync_transactions: Recepciones office 1: 5457 registros
2026-04-01 10:51:06 [INFO   ] harvester.sync_transactions: Recepciones: 8373 headers, 14735 detalles
2026-04-01 10:51:06 [INFO   ] harvester.db: Sync finalizada (log_id=27): SUCCESS | fetched=8373 inserted=8373 updated=0 skipped=0
2026-04-01 10:51:06 [INFO   ] daily_sync:   Recepciones: 277.8s
2026-04-01 10:51:06 [INFO   ] daily_sync: >>> FASE 4: Documentos (TURBO, desde 2026-03-26)
2026-04-01 10:51:06 [INFO   ] harvester.db: Sync iniciada: documents (log_id=28)
2026-04-01 10:51:07 [INFO   ] harvester.sync_transactions: Documentos a sincronizar: 3055
2026-04-01 10:51:07 [INFO   ] harvester.sync_transactions: TURBO: 62 paginas pre-computadas, 6 workers
2026-04-01 10:51:22 [INFO   ] harvester.sync_transactions: TURBO: 20/62 paginas | 1000/3055 docs procesados
2026-04-01 10:51:33 [INFO   ] harvester.sync_transactions: TURBO: 40/62 paginas | 2000/3055 docs procesados
2026-04-01 10:51:39 [INFO   ] harvester.sync_transactions: TURBO: 60/62 paginas | 3000/3055 docs procesados
2026-04-01 10:51:40 [INFO   ] harvester.sync_transactions: TURBO completado: 3055 headers, 11887 detalles insertados
2026-04-01 10:51:40 [INFO   ] harvester.db: Sync finalizada (log_id=28): SUCCESS | fetched=3055 inserted=3055 updated=0 skipped=0
2026-04-01 10:51:40 [INFO   ] daily_sync:   Documentos: 33.3s | {'fetched': 3055, 'inserted': 3055, 'skipped': 0, 'details_inserted': 11887}
2026-04-01 10:51:40 [INFO   ] daily_sync: ============================================================
2026-04-01 10:51:40 [INFO   ] daily_sync:   DAILY SYNC COMPLETADO en 1318.2s (22.0 min)
2026-04-01 10:51:40 [INFO   ] daily_sync:     Sucursales: {'fetched': 4, 'inserted': 4, 'skipped': 0}
2026-04-01 10:51:40 [INFO   ] daily_sync:     Categorias: {'fetched': 246, 'inserted': 246, 'skipped': 0}
2026-04-01 10:51:40 [INFO   ] daily_sync:     Tipos Doc: {'fetched': 11, 'inserted': 11, 'skipped': 0}
2026-04-01 10:51:40 [INFO   ] daily_sync:     Variantes: {'fetched': 3382, 'inserted': 3382, 'skipped': 0}
2026-04-01 10:51:40 [INFO   ] daily_sync:     Stock: {'fetched': 10128, 'inserted': 10128, 'skipped': 0}
2026-04-01 10:51:40 [INFO   ] daily_sync:     Costos: {'fetched': 3382, 'inserted': 3382, 'skipped': 0}
2026-04-01 10:51:40 [INFO   ] daily_sync:     Recepciones: {'fetched': 8373, 'inserted': 8373, 'skipped': 0, 'details_inserted': 14735}
2026-04-01 10:51:40 [INFO   ] daily_sync:     Documentos: {'fetched': 3055, 'inserted': 3055, 'skipped': 0, 'details_inserted': 11887}
2026-04-01 10:51:40 [INFO   ] daily_sync: ============================================================
2026-04-01 10:51:40 [INFO   ] harvester.db: Pool de conexiones cerrado
2026-04-01 19:58:12 [INFO   ] daily_sync: ============================================================
2026-04-01 19:58:12 [INFO   ] daily_sync:   KAWII DAILY SYNC - Incremental 6 dias
2026-04-01 19:58:12 [INFO   ] daily_sync:   Desde: 2026-03-27 (unix: 1774569600)
2026-04-01 19:58:12 [INFO   ] daily_sync:   Inicio: 2026-04-01 19:58:12
2026-04-01 19:58:12 [INFO   ] daily_sync: ============================================================
2026-04-01 19:58:12 [INFO   ] harvester.db: Pool de conexiones inicializado (localhost:5432/kawii_data)
2026-04-01 19:58:12 [INFO   ] daily_sync: >>> FASE 1: Masters
2026-04-01 19:58:12 [INFO   ] harvester.db: Sync iniciada: offices (log_id=38)
2026-04-01 19:58:14 [INFO   ] harvester.bsale_client: Paginando /offices.json: 4 registros esperados
2026-04-01 19:58:14 [INFO   ] harvester.bsale_client: Paginacion /offices.json completada: 4/4 items obtenidos
2026-04-01 19:58:14 [INFO   ] harvester.db: Sync finalizada (log_id=38): SUCCESS | fetched=4 inserted=4 updated=0 skipped=0
2026-04-01 19:58:14 [INFO   ] daily_sync:   Sucursales: 1.9s | {'fetched': 4, 'inserted': 4, 'skipped': 0}
2026-04-01 19:58:14 [INFO   ] harvester.db: Sync iniciada: product_types (log_id=39)
2026-04-01 19:58:15 [INFO   ] harvester.bsale_client: Paginando /product_types.json: 246 registros esperados
2026-04-01 19:58:28 [INFO   ] harvester.bsale_client: Paginacion /product_types.json completada: 246/246 items obtenidos
2026-04-01 19:58:28 [INFO   ] harvester.db: Sync finalizada (log_id=39): SUCCESS | fetched=246 inserted=246 updated=0 skipped=0
2026-04-01 19:58:28 [INFO   ] daily_sync:   Categorias: 13.7s | {'fetched': 246, 'inserted': 246, 'skipped': 0}
2026-04-01 19:58:28 [INFO   ] harvester.db: Sync iniciada: document_types (log_id=40)
2026-04-01 19:58:37 [INFO   ] harvester.bsale_client: Paginando /document_types.json: 11 registros esperados
2026-04-01 19:58:37 [INFO   ] harvester.bsale_client: Paginacion /document_types.json completada: 11/11 items obtenidos
2026-04-01 19:58:37 [INFO   ] harvester.db: Sync finalizada (log_id=40): SUCCESS | fetched=11 inserted=11 updated=0 skipped=0
2026-04-01 19:58:37 [INFO   ] daily_sync:   Tipos Doc: 8.8s | {'fetched': 11, 'inserted': 11, 'skipped': 0}
2026-04-01 19:58:37 [INFO   ] harvester.db: Sync iniciada: variants (log_id=41)
2026-04-01 19:58:45 [INFO   ] harvester.bsale_client: Paginando /variants.json: 3382 registros esperados
2026-04-01 20:00:18 [INFO   ] harvester.bsale_client: Paginacion /variants.json completada: 3382/3382 items obtenidos
2026-04-01 20:00:18 [INFO   ] harvester.sync_masters: Products upserted: 3099
2026-04-01 20:00:18 [INFO   ] harvester.db: Sync finalizada (log_id=41): SUCCESS | fetched=3382 inserted=3382 updated=0 skipped=0
2026-04-01 20:00:18 [INFO   ] daily_sync:   Variantes: 101.7s | {'fetched': 3382, 'inserted': 3382, 'skipped': 0}
2026-04-01 20:00:18 [INFO   ] daily_sync: >>> FASE 2: Stock y Costos
2026-04-01 20:00:18 [INFO   ] harvester.db: Sync iniciada: stock_levels (log_id=42)
2026-04-01 20:00:19 [INFO   ] harvester.bsale_client: Paginando /stocks.json: 3376 registros esperados
2026-04-01 20:01:42 [INFO   ] harvester.bsale_client: Paginacion /stocks.json completada: 3376/3376 items obtenidos
2026-04-01 20:01:42 [INFO   ] harvester.sync_masters: Stock office 4: 3376 registros
2026-04-01 20:01:43 [INFO   ] harvester.bsale_client: Paginando /stocks.json: 3376 registros esperados
2026-04-01 20:02:47 [INFO   ] harvester.bsale_client: Paginacion /stocks.json completada: 3376/3376 items obtenidos
2026-04-01 20:02:47 [INFO   ] harvester.sync_masters: Stock office 3: 3376 registros
2026-04-01 20:02:48 [INFO   ] harvester.bsale_client: Paginando /stocks.json: 3376 registros esperados
2026-04-01 20:05:04 [INFO   ] harvester.bsale_client: Paginacion /stocks.json completada: 3376/3376 items obtenidos
2026-04-01 20:05:04 [INFO   ] harvester.sync_masters: Stock office 1: 3376 registros
2026-04-01 20:05:04 [INFO   ] harvester.db: Sync finalizada (log_id=42): SUCCESS | fetched=10128 inserted=10128 updated=0 skipped=0
2026-04-01 20:05:04 [INFO   ] daily_sync:   Stock: 285.7s
2026-04-01 20:05:04 [INFO   ] harvester.db: Sync iniciada: variant_costs (log_id=43)
2026-04-01 20:05:04 [INFO   ] harvester.sync_masters: Sincronizando costos para 3382 variantes...
2026-04-01 20:06:54 [INFO   ] harvester.sync_masters: Costos: 200/3382 procesados
2026-04-01 20:10:03 [INFO   ] harvester.sync_masters: Costos: 400/3382 procesados
2026-04-01 20:12:49 [INFO   ] harvester.sync_masters: Costos: 600/3382 procesados
2026-04-01 20:13:22 [INFO   ] harvester.sync_masters: Costos: 800/3382 procesados
2026-04-01 20:13:57 [INFO   ] harvester.sync_masters: Costos: 1000/3382 procesados
2026-04-01 20:14:32 [INFO   ] harvester.sync_masters: Costos: 1200/3382 procesados
2026-04-01 20:15:10 [INFO   ] harvester.sync_masters: Costos: 1400/3382 procesados
2026-04-01 20:16:05 [INFO   ] harvester.sync_masters: Costos: 1600/3382 procesados
2026-04-01 20:16:38 [INFO   ] harvester.sync_masters: Costos: 1800/3382 procesados
2026-04-01 20:17:12 [INFO   ] harvester.sync_masters: Costos: 2000/3382 procesados
2026-04-01 20:17:46 [INFO   ] harvester.sync_masters: Costos: 2200/3382 procesados
2026-04-01 20:18:32 [INFO   ] harvester.sync_masters: Costos: 2400/3382 procesados
2026-04-01 20:18:59 [ERROR  ] harvester.bsale_client: Error de red en https://api.bsale.io/v1/variants/2491/costs.json: ('Connection aborted.', ConnectionResetError(10054, 'Se ha forzado la interrupción de una conexión existente por el host remoto', None, 10054, None))
2026-04-01 20:18:59 [ERROR  ] harvester.bsale_client: Error de red en https://api.bsale.io/v1/variants/2494/costs.json: ('Connection aborted.', ConnectionResetError(10054, 'Se ha forzado la interrupción de una conexión existente por el host remoto', None, 10054, None))
2026-04-01 20:18:59 [ERROR  ] harvester.bsale_client: Error de red en https://api.bsale.io/v1/variants/2493/costs.json: ('Connection aborted.', ConnectionResetError(10054, 'Se ha forzado la interrupción de una conexión existente por el host remoto', None, 10054, None))
2026-04-01 20:19:04 [WARNING] harvester.bsale_client: Timeout en https://api.bsale.io/v1/variants/2492/costs.json (intento 1/3)
2026-04-01 20:19:05 [WARNING] harvester.bsale_client: Timeout en https://api.bsale.io/v1/variants/2495/costs.json (intento 1/3)
2026-04-01 20:20:50 [INFO   ] harvester.sync_masters: Costos: 2600/3382 procesados
2026-04-01 20:22:15 [INFO   ] harvester.sync_masters: Costos: 2800/3382 procesados
2026-04-01 20:22:50 [INFO   ] harvester.sync_masters: Costos: 3000/3382 procesados
2026-04-01 20:23:24 [INFO   ] harvester.sync_masters: Costos: 3200/3382 procesados
2026-04-01 20:23:59 [WARNING] harvester.sync_masters: 2819 variantes sin costo registrado (effective_cost=0)
2026-04-01 20:23:59 [INFO   ] harvester.db: Sync finalizada (log_id=43): SUCCESS | fetched=3382 inserted=3382 updated=0 skipped=0
2026-04-01 20:23:59 [INFO   ] daily_sync:   Costos: 1134.5s
2026-04-01 20:23:59 [INFO   ] daily_sync: >>> FASE 2b: Snapshot Stock History
2026-04-01 20:23:59 [INFO   ] harvester.db: Sync iniciada: stock_history (log_id=44)
2026-04-01 20:23:59 [INFO   ] harvester.sync_masters: Stock history: 10128 registros para 2026-04-01
2026-04-01 20:23:59 [INFO   ] harvester.db: Sync finalizada (log_id=44): SUCCESS | fetched=0 inserted=10128 updated=0 skipped=0
2026-04-01 20:23:59 [INFO   ] daily_sync:   Stock History: 0.2s | {'inserted': 10128}
2026-04-01 20:23:59 [INFO   ] daily_sync: >>> FASE 3: Recepciones
2026-04-01 20:23:59 [INFO   ] harvester.db: Sync iniciada: receptions (log_id=45)
2026-04-01 20:24:00 [INFO   ] harvester.bsale_client: Paginando /stocks/receptions.json: 562 registros esperados
2026-04-01 20:24:13 [INFO   ] harvester.bsale_client: Paginacion /stocks/receptions.json completada: 562/562 items obtenidos
2026-04-01 20:24:13 [INFO   ] harvester.sync_transactions: Recepciones office 4: 562 registros
2026-04-01 20:24:14 [INFO   ] harvester.bsale_client: Paginando /stocks/receptions.json: 2369 registros esperados
2026-04-01 20:25:06 [INFO   ] harvester.bsale_client: Paginacion /stocks/receptions.json completada: 2369/2369 items obtenidos
2026-04-01 20:25:06 [INFO   ] harvester.sync_transactions: Recepciones office 3: 2369 registros
2026-04-01 20:25:56 [INFO   ] harvester.bsale_client: Paginando /stocks/receptions.json: 5507 registros esperados
2026-04-01 20:28:29 [INFO   ] harvester.bsale_client: Paginacion /stocks/receptions.json completada: 5507/5507 items obtenidos
2026-04-01 20:28:29 [INFO   ] harvester.sync_transactions: Recepciones office 1: 5507 registros
2026-04-01 20:29:08 [INFO   ] harvester.sync_transactions: Recepciones: 8438 headers, 14805 detalles
2026-04-01 20:29:08 [INFO   ] harvester.db: Sync finalizada (log_id=45): SUCCESS | fetched=8438 inserted=8438 updated=0 skipped=0
2026-04-01 20:29:08 [INFO   ] daily_sync:   Recepciones: 309.1s
2026-04-01 20:29:08 [INFO   ] daily_sync: >>> FASE 4: Documentos (TURBO, desde 2026-03-27)
2026-04-01 20:29:08 [INFO   ] harvester.db: Sync iniciada: documents (log_id=46)
2026-04-01 20:29:09 [INFO   ] harvester.sync_transactions: Documentos a sincronizar: 2809
2026-04-01 20:29:09 [INFO   ] harvester.sync_transactions: TURBO: 57 paginas pre-computadas, 6 workers
2026-04-01 20:29:25 [INFO   ] harvester.sync_transactions: TURBO: 20/57 paginas | 1000/2809 docs procesados
2026-04-01 20:29:33 [INFO   ] harvester.sync_transactions: TURBO: 40/57 paginas | 2000/2809 docs procesados
2026-04-01 20:29:42 [INFO   ] harvester.sync_transactions: TURBO completado: 2809 headers, 10522 detalles insertados
2026-04-01 20:29:42 [INFO   ] harvester.db: Sync finalizada (log_id=46): SUCCESS | fetched=2809 inserted=2809 updated=0 skipped=0
2026-04-01 20:29:42 [INFO   ] daily_sync:   Documentos: 33.8s | {'fetched': 2809, 'inserted': 2809, 'skipped': 0, 'details_inserted': 10522}
2026-04-01 20:29:42 [INFO   ] daily_sync: ============================================================
2026-04-01 20:29:42 [INFO   ] daily_sync:   DAILY SYNC COMPLETADO en 1889.5s (31.5 min)
2026-04-01 20:29:42 [INFO   ] daily_sync:     Sucursales: {'fetched': 4, 'inserted': 4, 'skipped': 0}
2026-04-01 20:29:42 [INFO   ] daily_sync:     Categorias: {'fetched': 246, 'inserted': 246, 'skipped': 0}
2026-04-01 20:29:42 [INFO   ] daily_sync:     Tipos Doc: {'fetched': 11, 'inserted': 11, 'skipped': 0}
2026-04-01 20:29:42 [INFO   ] daily_sync:     Variantes: {'fetched': 3382, 'inserted': 3382, 'skipped': 0}
2026-04-01 20:29:42 [INFO   ] daily_sync:     Stock: {'fetched': 10128, 'inserted': 10128, 'skipped': 0}
2026-04-01 20:29:42 [INFO   ] daily_sync:     Costos: {'fetched': 3382, 'inserted': 3382, 'skipped': 0}
2026-04-01 20:29:42 [INFO   ] daily_sync:     Stock History: {'inserted': 10128}
2026-04-01 20:29:42 [INFO   ] daily_sync:     Recepciones: {'fetched': 8438, 'inserted': 8438, 'skipped': 0, 'details_inserted': 14805}
2026-04-01 20:29:42 [INFO   ] daily_sync:     Documentos: {'fetched': 2809, 'inserted': 2809, 'skipped': 0, 'details_inserted': 10522}
2026-04-01 20:29:42 [INFO   ] daily_sync: ============================================================
2026-04-01 20:29:42 [INFO   ] harvester.db: Pool de conexiones cerrado
